<?xml version="1.0" encoding="UTF-8"?>
<!-- Generated by org.testng.reporters.JUnitXMLReporter -->
<testsuite hostname="DESKTOP-GGIVUTI" ignored="2" name="Firefox_Test" tests="2" failures="0" timestamp="07 Feb 2018 15:57:58 GMT" time="7.639" errors="0">
  <testcase name="GooglePage" time="1.037" classname="com.qa.Testcases.testngBrowser"/>
  <testcase name="CRMPage" time="1.3" classname="com.qa.Testcases.testingCRM"/>
  <testcase name="@AfterTest tearDown" time="0.0" classname="com.qa.p1.TestBase">
    <ignored/>
  </testcase> <!-- @AfterTest tearDown -->
  <testcase name="@BeforeTest initialization" time="0.0" classname="com.qa.p1.TestBase">
    <ignored/>
  </testcase> <!-- @BeforeTest initialization -->
</testsuite> <!-- Firefox_Test -->
